2024-06-24 18:08:06,499 p=3444395 u=upszot n=ansible | [WARNING]: A duplicate localhost-like entry was found (localhost). First found localhost was 127.0.0.1

2024-06-24 18:08:06,598 p=3444395 u=upszot n=ansible | PLAY [all] **********************************************************************************************************************************************************************************************************************************
2024-06-24 18:08:06,609 p=3444395 u=upszot n=ansible | TASK [Gathering Facts] **********************************************************************************************************************************************************************************************************************
2024-06-24 18:08:07,746 p=3444395 u=upszot n=ansible | ok: [localhost]
2024-06-24 18:08:07,775 p=3444395 u=upszot n=ansible | TASK [include_role : 2do_parcial] ***********************************************************************************************************************************************************************************************************
2024-06-24 18:08:07,805 p=3444395 u=upszot n=ansible | TASK [2do_parcial : debug] ******************************************************************************************************************************************************************************************************************
2024-06-24 18:08:07,817 p=3444395 u=upszot n=ansible | ok: [localhost] => {
    "msg": "Tareas del 2do Parcial"
}
2024-06-24 18:08:07,836 p=3444395 u=upszot n=ansible | TASK [Otra tarea] ***************************************************************************************************************************************************************************************************************************
2024-06-24 18:08:07,851 p=3444395 u=upszot n=ansible | ok: [localhost] => {
    "msg": "Despues de la ejecucion del rol"
}
2024-06-24 18:08:07,885 p=3444395 u=upszot n=ansible | PLAY RECAP **********************************************************************************************************************************************************************************************************************************
2024-06-24 18:08:07,885 p=3444395 u=upszot n=ansible | localhost                  : ok=3    changed=0    unreachable=0    failed=0    skipped=0    rescued=0    ignored=0   
2024-06-27 22:58:31,703 p=3414 u=vagrant n=ansible | [WARNING]: A duplicate localhost-like entry was found (localhost). First found localhost was 127.0.0.1

2024-06-27 22:58:32,051 p=3414 u=vagrant n=ansible | PLAY [all] **********************************************************************************************************************************************************************
2024-06-27 22:58:32,074 p=3414 u=vagrant n=ansible | TASK [Gathering Facts] **********************************************************************************************************************************************************
2024-06-27 22:58:32,217 p=3414 u=vagrant n=ansible | fatal: [127.0.0.1]: UNREACHABLE! => {"changed": false, "msg": "Failed to connect to the host via ssh: Warning: Permanently added '127.0.0.1' (ED25519) to the list of known hosts.\r\nvagrant@127.0.0.1: Permission denied (publickey).", "unreachable": true}
2024-06-27 22:58:33,764 p=3414 u=vagrant n=ansible | ok: [localhost]
2024-06-27 22:58:33,792 p=3414 u=vagrant n=ansible | TASK [include_role : 2do_parcial] ***********************************************************************************************************************************************
2024-06-27 22:58:33,843 p=3414 u=vagrant n=ansible | TASK [2do_parcial : debug] ******************************************************************************************************************************************************
2024-06-27 22:58:33,860 p=3414 u=vagrant n=ansible | ok: [localhost] => {
    "msg": "Tareas del 2do Parcial"
}
2024-06-27 22:58:33,877 p=3414 u=vagrant n=ansible | TASK [Crear la estructura de directorios] ***************************************************************************************************************************************
2024-06-27 22:58:34,421 p=3414 u=vagrant n=ansible | changed: [localhost] => (item=alumno)
2024-06-27 22:58:34,719 p=3414 u=vagrant n=ansible | changed: [localhost] => (item=equipo)
2024-06-27 22:58:34,733 p=3414 u=vagrant n=ansible | TASK [Configurar sudoers para el grupo 2PSupervisores] **************************************************************************************************************************
2024-06-27 22:58:35,257 p=3414 u=vagrant n=ansible | An exception occurred during task execution. To see the full traceback, use -vvv. The error was: PermissionError: [Errno 13] Permission denied: b'/etc/sudoers'
2024-06-27 22:58:35,258 p=3414 u=vagrant n=ansible | fatal: [localhost]: FAILED! => {"changed": false, "module_stderr": "Traceback (most recent call last):\n  File \"/home/vagrant/.ansible/tmp/ansible-tmp-1719529114.752665-3567-223732775349219/AnsiballZ_lineinfile.py\", line 102, in <module>\n    _ansiballz_main()\n  File \"/home/vagrant/.ansible/tmp/ansible-tmp-1719529114.752665-3567-223732775349219/AnsiballZ_lineinfile.py\", line 94, in _ansiballz_main\n    invoke_module(zipped_mod, temp_path, ANSIBALLZ_PARAMS)\n  File \"/home/vagrant/.ansible/tmp/ansible-tmp-1719529114.752665-3567-223732775349219/AnsiballZ_lineinfile.py\", line 40, in invoke_module\n    runpy.run_module(mod_name='ansible.modules.lineinfile', init_globals=None, run_name='__main__', alter_sys=True)\n  File \"/usr/lib/python3.10/runpy.py\", line 224, in run_module\n    return _run_module_code(code, init_globals, run_name, mod_spec)\n  File \"/usr/lib/python3.10/runpy.py\", line 96, in _run_module_code\n    _run_code(code, mod_globals, init_globals,\n  File \"/usr/lib/python3.10/runpy.py\", line 86, in _run_code\n    exec(code, run_globals)\n  File \"/tmp/ansible_lineinfile_payload_z8gga4ta/ansible_lineinfile_payload.zip/ansible/modules/lineinfile.py\", line 580, in <module>\n  File \"/tmp/ansible_lineinfile_payload_z8gga4ta/ansible_lineinfile_payload.zip/ansible/modules/lineinfile.py\", line 570, in main\n  File \"/tmp/ansible_lineinfile_payload_z8gga4ta/ansible_lineinfile_payload.zip/ansible/modules/lineinfile.py\", line 277, in present\nPermissionError: [Errno 13] Permission denied: b'/etc/sudoers'\n", "module_stdout": "", "msg": "MODULE FAILURE\nSee stdout/stderr for the exact error", "rc": 1}
2024-06-27 22:58:35,261 p=3414 u=vagrant n=ansible | PLAY RECAP **********************************************************************************************************************************************************************
2024-06-27 22:58:35,261 p=3414 u=vagrant n=ansible | 127.0.0.1                  : ok=0    changed=0    unreachable=1    failed=0    skipped=0    rescued=0    ignored=0   
2024-06-27 22:58:35,262 p=3414 u=vagrant n=ansible | localhost                  : ok=3    changed=1    unreachable=0    failed=1    skipped=0    rescued=0    ignored=0   
2024-06-27 23:00:00,530 p=3597 u=vagrant n=ansible | [WARNING]: A duplicate localhost-like entry was found (localhost). First found localhost was 127.0.0.1

2024-06-27 23:00:00,796 p=3597 u=vagrant n=ansible | PLAY [all] **********************************************************************************************************************************************************************
2024-06-27 23:00:00,824 p=3597 u=vagrant n=ansible | TASK [Gathering Facts] **********************************************************************************************************************************************************
2024-06-27 23:00:00,982 p=3597 u=vagrant n=ansible | fatal: [127.0.0.1]: UNREACHABLE! => {"changed": false, "msg": "Failed to connect to the host via ssh: Warning: Permanently added '127.0.0.1' (ED25519) to the list of known hosts.\r\nvagrant@127.0.0.1: Permission denied (publickey).", "unreachable": true}
2024-06-27 23:00:02,365 p=3597 u=vagrant n=ansible | ok: [localhost]
2024-06-27 23:00:02,393 p=3597 u=vagrant n=ansible | TASK [include_role : 2do_parcial] ***********************************************************************************************************************************************
2024-06-27 23:00:02,456 p=3597 u=vagrant n=ansible | TASK [2do_parcial : debug] ******************************************************************************************************************************************************
2024-06-27 23:00:02,473 p=3597 u=vagrant n=ansible | ok: [localhost] => {
    "msg": "Tareas del 2do Parcial"
}
2024-06-27 23:00:02,489 p=3597 u=vagrant n=ansible | TASK [Crear la estructura de directorios] ***************************************************************************************************************************************
2024-06-27 23:00:03,053 p=3597 u=vagrant n=ansible | ok: [localhost] => (item=alumno)
2024-06-27 23:00:03,341 p=3597 u=vagrant n=ansible | ok: [localhost] => (item=equipo)
2024-06-27 23:00:03,354 p=3597 u=vagrant n=ansible | TASK [Configurar sudoers para el grupo 2PSupervisores] **************************************************************************************************************************
2024-06-27 23:00:03,824 p=3597 u=vagrant n=ansible | changed: [localhost]
2024-06-27 23:00:03,842 p=3597 u=vagrant n=ansible | TASK [Obtener el nombre del equipo actual] **************************************************************************************************************************************
2024-06-27 23:00:04,285 p=3597 u=vagrant n=ansible | changed: [localhost]
2024-06-27 23:00:04,300 p=3597 u=vagrant n=ansible | TASK [Obtener la cantidad de núcleos de la CPU] *********************************************************************************************************************************
2024-06-27 23:00:04,610 p=3597 u=vagrant n=ansible | changed: [localhost]
2024-06-27 23:00:04,631 p=3597 u=vagrant n=ansible | TASK [Obtener mi IP] ************************************************************************************************************************************************************
2024-06-27 23:00:04,924 p=3597 u=vagrant n=ansible | fatal: [localhost]: FAILED! => {"changed": true, "cmd": ["ip", "a", "|", "grep", "enp0s8", "|", "awk", "{ print $2 }", "|", "tail", "-n", "1"], "delta": "0:00:00.005792", "end": "2024-06-27 23:00:04.889630", "msg": "non-zero return code", "rc": 255, "start": "2024-06-27 23:00:04.883838", "stderr": "Command \"|\" is unknown, try \"ip address help\".", "stderr_lines": ["Command \"|\" is unknown, try \"ip address help\"."], "stdout": "", "stdout_lines": []}
2024-06-27 23:00:04,927 p=3597 u=vagrant n=ansible | PLAY RECAP **********************************************************************************************************************************************************************
2024-06-27 23:00:04,927 p=3597 u=vagrant n=ansible | 127.0.0.1                  : ok=0    changed=0    unreachable=1    failed=0    skipped=0    rescued=0    ignored=0   
2024-06-27 23:00:04,928 p=3597 u=vagrant n=ansible | localhost                  : ok=6    changed=3    unreachable=0    failed=1    skipped=0    rescued=0    ignored=0   
2024-06-27 23:05:03,218 p=3901 u=vagrant n=ansible | [WARNING]: A duplicate localhost-like entry was found (localhost). First found localhost was 127.0.0.1

2024-06-27 23:05:03,466 p=3901 u=vagrant n=ansible | PLAY [all] **********************************************************************************************************************************************************************
2024-06-27 23:05:03,484 p=3901 u=vagrant n=ansible | TASK [Gathering Facts] **********************************************************************************************************************************************************
2024-06-27 23:05:03,629 p=3901 u=vagrant n=ansible | fatal: [127.0.0.1]: UNREACHABLE! => {"changed": false, "msg": "Failed to connect to the host via ssh: Warning: Permanently added '127.0.0.1' (ED25519) to the list of known hosts.\r\nvagrant@127.0.0.1: Permission denied (publickey).", "unreachable": true}
2024-06-27 23:05:05,056 p=3901 u=vagrant n=ansible | ok: [localhost]
2024-06-27 23:05:05,083 p=3901 u=vagrant n=ansible | TASK [include_role : 2do_parcial] ***********************************************************************************************************************************************
2024-06-27 23:05:05,128 p=3901 u=vagrant n=ansible | TASK [2do_parcial : debug] ******************************************************************************************************************************************************
2024-06-27 23:05:05,150 p=3901 u=vagrant n=ansible | ok: [localhost] => {
    "msg": "Tareas del 2do Parcial"
}
2024-06-27 23:05:05,168 p=3901 u=vagrant n=ansible | TASK [Crear la estructura de directorios] ***************************************************************************************************************************************
2024-06-27 23:05:05,695 p=3901 u=vagrant n=ansible | ok: [localhost] => (item=alumno)
2024-06-27 23:05:06,023 p=3901 u=vagrant n=ansible | ok: [localhost] => (item=equipo)
2024-06-27 23:05:06,037 p=3901 u=vagrant n=ansible | TASK [Configurar sudoers para el grupo 2PSupervisores] **************************************************************************************************************************
2024-06-27 23:05:06,478 p=3901 u=vagrant n=ansible | ok: [localhost]
2024-06-27 23:05:06,494 p=3901 u=vagrant n=ansible | TASK [Obtener el nombre del equipo actual] **************************************************************************************************************************************
2024-06-27 23:05:06,933 p=3901 u=vagrant n=ansible | changed: [localhost]
2024-06-27 23:05:06,949 p=3901 u=vagrant n=ansible | TASK [Obtener la cantidad de núcleos de la CPU] *********************************************************************************************************************************
2024-06-27 23:05:07,342 p=3901 u=vagrant n=ansible | changed: [localhost]
2024-06-27 23:05:07,358 p=3901 u=vagrant n=ansible | TASK [Obtener mi IP] ************************************************************************************************************************************************************
2024-06-27 23:05:07,684 p=3901 u=vagrant n=ansible | changed: [localhost]
2024-06-27 23:05:07,699 p=3901 u=vagrant n=ansible | TASK [Obtener el nombre de la distro] *******************************************************************************************************************************************
2024-06-27 23:05:07,993 p=3901 u=vagrant n=ansible | fatal: [localhost]: FAILED! => {"changed": true, "cmd": ["grep", "PRETTY", "/etc/os-release", "|", "awk", "-F", "\"", "{print $2}"], "delta": "0:00:00.004498", "end": "2024-06-27 23:05:07.956196", "msg": "non-zero return code", "rc": 2, "start": "2024-06-27 23:05:07.951698", "stderr": "grep: |: No such file or directory\ngrep: awk: No such file or directory\ngrep: \": No such file or directory\ngrep: {print $2}: No such file or directory", "stderr_lines": ["grep: |: No such file or directory", "grep: awk: No such file or directory", "grep: \": No such file or directory", "grep: {print $2}: No such file or directory"], "stdout": "/etc/os-release:PRETTY_NAME=\"Ubuntu 22.04.4 LTS\"", "stdout_lines": ["/etc/os-release:PRETTY_NAME=\"Ubuntu 22.04.4 LTS\""]}
2024-06-27 23:05:07,996 p=3901 u=vagrant n=ansible | PLAY RECAP **********************************************************************************************************************************************************************
2024-06-27 23:05:07,996 p=3901 u=vagrant n=ansible | 127.0.0.1                  : ok=0    changed=0    unreachable=1    failed=0    skipped=0    rescued=0    ignored=0   
2024-06-27 23:05:07,996 p=3901 u=vagrant n=ansible | localhost                  : ok=7    changed=3    unreachable=0    failed=1    skipped=0    rescued=0    ignored=0   
2024-06-27 23:05:37,974 p=4202 u=vagrant n=ansible | [WARNING]: A duplicate localhost-like entry was found (localhost). First found localhost was 127.0.0.1

2024-06-27 23:05:38,247 p=4202 u=vagrant n=ansible | PLAY [all] **********************************************************************************************************************************************************************
2024-06-27 23:05:38,266 p=4202 u=vagrant n=ansible | TASK [Gathering Facts] **********************************************************************************************************************************************************
2024-06-27 23:05:38,400 p=4202 u=vagrant n=ansible | fatal: [127.0.0.1]: UNREACHABLE! => {"changed": false, "msg": "Failed to connect to the host via ssh: Warning: Permanently added '127.0.0.1' (ED25519) to the list of known hosts.\r\nvagrant@127.0.0.1: Permission denied (publickey).", "unreachable": true}
2024-06-27 23:05:39,803 p=4202 u=vagrant n=ansible | ok: [localhost]
2024-06-27 23:05:39,828 p=4202 u=vagrant n=ansible | TASK [include_role : 2do_parcial] ***********************************************************************************************************************************************
2024-06-27 23:05:39,876 p=4202 u=vagrant n=ansible | TASK [2do_parcial : debug] ******************************************************************************************************************************************************
2024-06-27 23:05:39,893 p=4202 u=vagrant n=ansible | ok: [localhost] => {
    "msg": "Tareas del 2do Parcial"
}
2024-06-27 23:05:39,909 p=4202 u=vagrant n=ansible | TASK [Crear la estructura de directorios] ***************************************************************************************************************************************
2024-06-27 23:05:40,473 p=4202 u=vagrant n=ansible | ok: [localhost] => (item=alumno)
2024-06-27 23:05:40,814 p=4202 u=vagrant n=ansible | ok: [localhost] => (item=equipo)
2024-06-27 23:05:40,853 p=4202 u=vagrant n=ansible | TASK [Configurar sudoers para el grupo 2PSupervisores] **************************************************************************************************************************
2024-06-27 23:05:41,317 p=4202 u=vagrant n=ansible | ok: [localhost]
2024-06-27 23:05:41,334 p=4202 u=vagrant n=ansible | TASK [Obtener el nombre del equipo actual] **************************************************************************************************************************************
2024-06-27 23:05:41,813 p=4202 u=vagrant n=ansible | changed: [localhost]
2024-06-27 23:05:41,829 p=4202 u=vagrant n=ansible | TASK [Obtener la cantidad de núcleos de la CPU] *********************************************************************************************************************************
2024-06-27 23:05:42,155 p=4202 u=vagrant n=ansible | changed: [localhost]
2024-06-27 23:05:42,172 p=4202 u=vagrant n=ansible | TASK [Obtener mi IP] ************************************************************************************************************************************************************
2024-06-27 23:05:42,470 p=4202 u=vagrant n=ansible | changed: [localhost]
2024-06-27 23:05:42,486 p=4202 u=vagrant n=ansible | TASK [Obtener el nombre de la distro] *******************************************************************************************************************************************
2024-06-27 23:05:42,780 p=4202 u=vagrant n=ansible | fatal: [localhost]: FAILED! => {"changed": true, "cmd": ["grep", "PRETTY", "/etc/os-release", "|", "awk", "-F", "\"", "{print $2}"], "delta": "0:00:00.004917", "end": "2024-06-27 23:05:42.747807", "msg": "non-zero return code", "rc": 2, "start": "2024-06-27 23:05:42.742890", "stderr": "grep: |: No such file or directory\ngrep: awk: No such file or directory\ngrep: \": No such file or directory\ngrep: {print $2}: No such file or directory", "stderr_lines": ["grep: |: No such file or directory", "grep: awk: No such file or directory", "grep: \": No such file or directory", "grep: {print $2}: No such file or directory"], "stdout": "/etc/os-release:PRETTY_NAME=\"Ubuntu 22.04.4 LTS\"", "stdout_lines": ["/etc/os-release:PRETTY_NAME=\"Ubuntu 22.04.4 LTS\""]}
2024-06-27 23:05:42,783 p=4202 u=vagrant n=ansible | PLAY RECAP **********************************************************************************************************************************************************************
2024-06-27 23:05:42,783 p=4202 u=vagrant n=ansible | 127.0.0.1                  : ok=0    changed=0    unreachable=1    failed=0    skipped=0    rescued=0    ignored=0   
2024-06-27 23:05:42,784 p=4202 u=vagrant n=ansible | localhost                  : ok=7    changed=3    unreachable=0    failed=1    skipped=0    rescued=0    ignored=0   
2024-06-27 23:06:15,202 p=4505 u=vagrant n=ansible | [WARNING]: A duplicate localhost-like entry was found (localhost). First found localhost was 127.0.0.1

2024-06-27 23:06:15,439 p=4505 u=vagrant n=ansible | PLAY [all] **********************************************************************************************************************************************************************
2024-06-27 23:06:15,456 p=4505 u=vagrant n=ansible | TASK [Gathering Facts] **********************************************************************************************************************************************************
2024-06-27 23:06:15,588 p=4505 u=vagrant n=ansible | fatal: [127.0.0.1]: UNREACHABLE! => {"changed": false, "msg": "Failed to connect to the host via ssh: Warning: Permanently added '127.0.0.1' (ED25519) to the list of known hosts.\r\nvagrant@127.0.0.1: Permission denied (publickey).", "unreachable": true}
2024-06-27 23:06:16,995 p=4505 u=vagrant n=ansible | ok: [localhost]
2024-06-27 23:06:17,025 p=4505 u=vagrant n=ansible | TASK [include_role : 2do_parcial] ***********************************************************************************************************************************************
2024-06-27 23:06:17,078 p=4505 u=vagrant n=ansible | TASK [2do_parcial : debug] ******************************************************************************************************************************************************
2024-06-27 23:06:17,099 p=4505 u=vagrant n=ansible | ok: [localhost] => {
    "msg": "Tareas del 2do Parcial"
}
2024-06-27 23:06:17,116 p=4505 u=vagrant n=ansible | TASK [Crear la estructura de directorios] ***************************************************************************************************************************************
2024-06-27 23:06:17,627 p=4505 u=vagrant n=ansible | ok: [localhost] => (item=alumno)
2024-06-27 23:06:17,979 p=4505 u=vagrant n=ansible | ok: [localhost] => (item=equipo)
2024-06-27 23:06:17,996 p=4505 u=vagrant n=ansible | TASK [Configurar sudoers para el grupo 2PSupervisores] **************************************************************************************************************************
2024-06-27 23:06:18,461 p=4505 u=vagrant n=ansible | ok: [localhost]
2024-06-27 23:06:18,482 p=4505 u=vagrant n=ansible | TASK [Obtener el nombre del equipo actual] **************************************************************************************************************************************
2024-06-27 23:06:18,940 p=4505 u=vagrant n=ansible | changed: [localhost]
2024-06-27 23:06:18,957 p=4505 u=vagrant n=ansible | TASK [Obtener la cantidad de núcleos de la CPU] *********************************************************************************************************************************
2024-06-27 23:06:19,307 p=4505 u=vagrant n=ansible | changed: [localhost]
2024-06-27 23:06:19,325 p=4505 u=vagrant n=ansible | TASK [Obtener mi IP] ************************************************************************************************************************************************************
2024-06-27 23:06:19,649 p=4505 u=vagrant n=ansible | changed: [localhost]
2024-06-27 23:06:19,663 p=4505 u=vagrant n=ansible | TASK [Obtener el nombre de la distro] *******************************************************************************************************************************************
2024-06-27 23:06:19,958 p=4505 u=vagrant n=ansible | changed: [localhost]
2024-06-27 23:06:19,978 p=4505 u=vagrant n=ansible | TASK [Generar archivo de datos del alumno] **************************************************************************************************************************************
2024-06-27 23:06:20,020 p=4505 u=vagrant n=ansible | fatal: [localhost]: FAILED! => {"changed": false, "msg": "Could not find or access 'datos_alumno.txt.j2'\nSearched in:\n\t/home/vagrant/UTNFRA_SO_2do_Parcial_Plastina/202406/ansible/templates/datos_alumno.txt.j2\n\t/home/vagrant/UTNFRA_SO_2do_Parcial_Plastina/202406/ansible/datos_alumno.txt.j2\n\t/home/vagrant/UTNFRA_SO_2do_Parcial_Plastina/202406/ansible/templates/datos_alumno.txt.j2\n\t/home/vagrant/UTNFRA_SO_2do_Parcial_Plastina/202406/ansible/datos_alumno.txt.j2 on the Ansible Controller.\nIf you are using a module and expect the file to exist on the remote, see the remote_src option"}
2024-06-27 23:06:20,022 p=4505 u=vagrant n=ansible | PLAY RECAP **********************************************************************************************************************************************************************
2024-06-27 23:06:20,022 p=4505 u=vagrant n=ansible | 127.0.0.1                  : ok=0    changed=0    unreachable=1    failed=0    skipped=0    rescued=0    ignored=0   
2024-06-27 23:06:20,023 p=4505 u=vagrant n=ansible | localhost                  : ok=8    changed=4    unreachable=0    failed=1    skipped=0    rescued=0    ignored=0   
2024-06-27 23:08:22,715 p=4854 u=vagrant n=ansible | [WARNING]: A duplicate localhost-like entry was found (localhost). First found localhost was 127.0.0.1

2024-06-27 23:08:22,948 p=4854 u=vagrant n=ansible | PLAY [all] **********************************************************************************************************************************************************************
2024-06-27 23:08:22,966 p=4854 u=vagrant n=ansible | TASK [Gathering Facts] **********************************************************************************************************************************************************
2024-06-27 23:08:23,102 p=4854 u=vagrant n=ansible | fatal: [127.0.0.1]: UNREACHABLE! => {"changed": false, "msg": "Failed to connect to the host via ssh: Warning: Permanently added '127.0.0.1' (ED25519) to the list of known hosts.\r\nvagrant@127.0.0.1: Permission denied (publickey).", "unreachable": true}
2024-06-27 23:08:24,526 p=4854 u=vagrant n=ansible | ok: [localhost]
2024-06-27 23:08:24,550 p=4854 u=vagrant n=ansible | TASK [include_role : 2do_parcial] ***********************************************************************************************************************************************
2024-06-27 23:08:24,599 p=4854 u=vagrant n=ansible | TASK [2do_parcial : debug] ******************************************************************************************************************************************************
2024-06-27 23:08:24,615 p=4854 u=vagrant n=ansible | ok: [localhost] => {
    "msg": "Tareas del 2do Parcial"
}
2024-06-27 23:08:24,630 p=4854 u=vagrant n=ansible | TASK [Crear la estructura de directorios] ***************************************************************************************************************************************
2024-06-27 23:08:25,182 p=4854 u=vagrant n=ansible | ok: [localhost] => (item=alumno)
2024-06-27 23:08:25,517 p=4854 u=vagrant n=ansible | ok: [localhost] => (item=equipo)
2024-06-27 23:08:25,535 p=4854 u=vagrant n=ansible | TASK [Configurar sudoers para el grupo 2PSupervisores] **************************************************************************************************************************
2024-06-27 23:08:25,974 p=4854 u=vagrant n=ansible | ok: [localhost]
2024-06-27 23:08:25,989 p=4854 u=vagrant n=ansible | TASK [Obtener el nombre del equipo actual] **************************************************************************************************************************************
2024-06-27 23:08:26,440 p=4854 u=vagrant n=ansible | changed: [localhost]
2024-06-27 23:08:26,456 p=4854 u=vagrant n=ansible | TASK [Obtener la cantidad de núcleos de la CPU] *********************************************************************************************************************************
2024-06-27 23:08:26,801 p=4854 u=vagrant n=ansible | changed: [localhost]
2024-06-27 23:08:26,820 p=4854 u=vagrant n=ansible | TASK [Obtener mi IP] ************************************************************************************************************************************************************
2024-06-27 23:08:27,171 p=4854 u=vagrant n=ansible | changed: [localhost]
2024-06-27 23:08:27,187 p=4854 u=vagrant n=ansible | TASK [Obtener el nombre de la distro] *******************************************************************************************************************************************
2024-06-27 23:08:27,475 p=4854 u=vagrant n=ansible | changed: [localhost]
2024-06-27 23:08:27,491 p=4854 u=vagrant n=ansible | TASK [Generar archivo de datos del alumno] **************************************************************************************************************************************
2024-06-27 23:08:28,487 p=4854 u=vagrant n=ansible | changed: [localhost]
2024-06-27 23:08:28,506 p=4854 u=vagrant n=ansible | TASK [Generar archivo de datos del equipo] **************************************************************************************************************************************
2024-06-27 23:08:28,556 p=4854 u=vagrant n=ansible | fatal: [localhost]: FAILED! => {"changed": false, "msg": "Could not find or access 'datos_equipo.txt.j2'\nSearched in:\n\t/home/vagrant/UTNFRA_SO_2do_Parcial_Plastina/202406/ansible/templates/datos_equipo.txt.j2\n\t/home/vagrant/UTNFRA_SO_2do_Parcial_Plastina/202406/ansible/datos_equipo.txt.j2\n\t/home/vagrant/UTNFRA_SO_2do_Parcial_Plastina/202406/ansible/templates/datos_equipo.txt.j2\n\t/home/vagrant/UTNFRA_SO_2do_Parcial_Plastina/202406/ansible/datos_equipo.txt.j2 on the Ansible Controller.\nIf you are using a module and expect the file to exist on the remote, see the remote_src option"}
2024-06-27 23:08:28,559 p=4854 u=vagrant n=ansible | PLAY RECAP **********************************************************************************************************************************************************************
2024-06-27 23:08:28,561 p=4854 u=vagrant n=ansible | 127.0.0.1                  : ok=0    changed=0    unreachable=1    failed=0    skipped=0    rescued=0    ignored=0   
2024-06-27 23:08:28,562 p=4854 u=vagrant n=ansible | localhost                  : ok=9    changed=5    unreachable=0    failed=1    skipped=0    rescued=0    ignored=0   
2024-06-27 23:08:51,799 p=5208 u=vagrant n=ansible | [WARNING]: A duplicate localhost-like entry was found (localhost). First found localhost was 127.0.0.1

2024-06-27 23:08:52,037 p=5208 u=vagrant n=ansible | PLAY [all] **********************************************************************************************************************************************************************
2024-06-27 23:08:52,058 p=5208 u=vagrant n=ansible | TASK [Gathering Facts] **********************************************************************************************************************************************************
2024-06-27 23:08:52,209 p=5208 u=vagrant n=ansible | fatal: [127.0.0.1]: UNREACHABLE! => {"changed": false, "msg": "Failed to connect to the host via ssh: Warning: Permanently added '127.0.0.1' (ED25519) to the list of known hosts.\r\nvagrant@127.0.0.1: Permission denied (publickey).", "unreachable": true}
2024-06-27 23:08:53,918 p=5208 u=vagrant n=ansible | ok: [localhost]
2024-06-27 23:08:53,946 p=5208 u=vagrant n=ansible | TASK [include_role : 2do_parcial] ***********************************************************************************************************************************************
2024-06-27 23:08:54,003 p=5208 u=vagrant n=ansible | TASK [2do_parcial : debug] ******************************************************************************************************************************************************
2024-06-27 23:08:54,024 p=5208 u=vagrant n=ansible | ok: [localhost] => {
    "msg": "Tareas del 2do Parcial"
}
2024-06-27 23:08:54,047 p=5208 u=vagrant n=ansible | TASK [Crear la estructura de directorios] ***************************************************************************************************************************************
2024-06-27 23:08:54,590 p=5208 u=vagrant n=ansible | ok: [localhost] => (item=alumno)
2024-06-27 23:08:54,929 p=5208 u=vagrant n=ansible | ok: [localhost] => (item=equipo)
2024-06-27 23:08:54,943 p=5208 u=vagrant n=ansible | TASK [Configurar sudoers para el grupo 2PSupervisores] **************************************************************************************************************************
2024-06-27 23:08:55,453 p=5208 u=vagrant n=ansible | ok: [localhost]
2024-06-27 23:08:55,469 p=5208 u=vagrant n=ansible | TASK [Obtener el nombre del equipo actual] **************************************************************************************************************************************
2024-06-27 23:08:55,911 p=5208 u=vagrant n=ansible | changed: [localhost]
2024-06-27 23:08:55,926 p=5208 u=vagrant n=ansible | TASK [Obtener la cantidad de núcleos de la CPU] *********************************************************************************************************************************
2024-06-27 23:08:56,212 p=5208 u=vagrant n=ansible | changed: [localhost]
2024-06-27 23:08:56,227 p=5208 u=vagrant n=ansible | TASK [Obtener mi IP] ************************************************************************************************************************************************************
2024-06-27 23:08:56,539 p=5208 u=vagrant n=ansible | changed: [localhost]
2024-06-27 23:08:56,554 p=5208 u=vagrant n=ansible | TASK [Obtener el nombre de la distro] *******************************************************************************************************************************************
2024-06-27 23:08:56,903 p=5208 u=vagrant n=ansible | changed: [localhost]
2024-06-27 23:08:56,918 p=5208 u=vagrant n=ansible | TASK [Generar archivo de datos del alumno] **************************************************************************************************************************************
2024-06-27 23:08:57,910 p=5208 u=vagrant n=ansible | ok: [localhost]
2024-06-27 23:08:57,925 p=5208 u=vagrant n=ansible | TASK [Generar archivo de datos del equipo] **************************************************************************************************************************************
2024-06-27 23:08:58,802 p=5208 u=vagrant n=ansible | changed: [localhost]
2024-06-27 23:08:58,830 p=5208 u=vagrant n=ansible | PLAY RECAP **********************************************************************************************************************************************************************
2024-06-27 23:08:58,830 p=5208 u=vagrant n=ansible | 127.0.0.1                  : ok=0    changed=0    unreachable=1    failed=0    skipped=0    rescued=0    ignored=0   
2024-06-27 23:08:58,831 p=5208 u=vagrant n=ansible | localhost                  : ok=10   changed=5    unreachable=0    failed=0    skipped=0    rescued=0    ignored=0   
2024-06-27 23:10:25,306 p=5638 u=vagrant n=ansible | [WARNING]: A duplicate localhost-like entry was found (localhost). First found localhost was 127.0.0.1

2024-06-27 23:10:25,607 p=5638 u=vagrant n=ansible | PLAY [all] **********************************************************************************************************************************************************************
2024-06-27 23:10:25,627 p=5638 u=vagrant n=ansible | TASK [Gathering Facts] **********************************************************************************************************************************************************
2024-06-27 23:10:25,758 p=5638 u=vagrant n=ansible | fatal: [127.0.0.1]: UNREACHABLE! => {"changed": false, "msg": "Failed to connect to the host via ssh: Warning: Permanently added '127.0.0.1' (ED25519) to the list of known hosts.\r\nvagrant@127.0.0.1: Permission denied (publickey).", "unreachable": true}
2024-06-27 23:10:27,191 p=5638 u=vagrant n=ansible | ok: [localhost]
2024-06-27 23:10:27,223 p=5638 u=vagrant n=ansible | TASK [include_role : 2do_parcial] ***********************************************************************************************************************************************
2024-06-27 23:10:27,272 p=5638 u=vagrant n=ansible | TASK [2do_parcial : debug] ******************************************************************************************************************************************************
2024-06-27 23:10:27,290 p=5638 u=vagrant n=ansible | ok: [localhost] => {
    "msg": "Tareas del 2do Parcial"
}
2024-06-27 23:10:27,307 p=5638 u=vagrant n=ansible | TASK [Crear la estructura de directorios] ***************************************************************************************************************************************
2024-06-27 23:10:27,801 p=5638 u=vagrant n=ansible | ok: [localhost] => (item=alumno)
2024-06-27 23:10:28,093 p=5638 u=vagrant n=ansible | ok: [localhost] => (item=equipo)
2024-06-27 23:10:28,109 p=5638 u=vagrant n=ansible | TASK [Configurar sudoers para el grupo 2PSupervisores] **************************************************************************************************************************
2024-06-27 23:10:28,614 p=5638 u=vagrant n=ansible | ok: [localhost]
2024-06-27 23:10:28,628 p=5638 u=vagrant n=ansible | TASK [Obtener el nombre del equipo actual] **************************************************************************************************************************************
2024-06-27 23:10:29,051 p=5638 u=vagrant n=ansible | changed: [localhost]
2024-06-27 23:10:29,066 p=5638 u=vagrant n=ansible | TASK [Obtener la cantidad de núcleos de la CPU] *********************************************************************************************************************************
2024-06-27 23:10:29,377 p=5638 u=vagrant n=ansible | changed: [localhost]
2024-06-27 23:10:29,391 p=5638 u=vagrant n=ansible | TASK [Obtener mi IP] ************************************************************************************************************************************************************
2024-06-27 23:10:29,726 p=5638 u=vagrant n=ansible | changed: [localhost]
2024-06-27 23:10:29,741 p=5638 u=vagrant n=ansible | TASK [Obtener el nombre de la distro] *******************************************************************************************************************************************
2024-06-27 23:10:30,079 p=5638 u=vagrant n=ansible | changed: [localhost]
2024-06-27 23:10:30,094 p=5638 u=vagrant n=ansible | TASK [Generar archivo de datos del alumno] **************************************************************************************************************************************
2024-06-27 23:10:31,056 p=5638 u=vagrant n=ansible | ok: [localhost]
2024-06-27 23:10:31,077 p=5638 u=vagrant n=ansible | TASK [Generar archivo de datos del equipo] **************************************************************************************************************************************
2024-06-27 23:10:31,887 p=5638 u=vagrant n=ansible | changed: [localhost]
2024-06-27 23:10:31,914 p=5638 u=vagrant n=ansible | PLAY RECAP **********************************************************************************************************************************************************************
2024-06-27 23:10:31,914 p=5638 u=vagrant n=ansible | 127.0.0.1                  : ok=0    changed=0    unreachable=1    failed=0    skipped=0    rescued=0    ignored=0   
2024-06-27 23:10:31,915 p=5638 u=vagrant n=ansible | localhost                  : ok=10   changed=5    unreachable=0    failed=0    skipped=0    rescued=0    ignored=0   
2024-06-27 23:11:49,423 p=6035 u=vagrant n=ansible | [WARNING]: A duplicate localhost-like entry was found (localhost). First found localhost was 127.0.0.1

2024-06-27 23:11:49,682 p=6035 u=vagrant n=ansible | PLAY [all] **********************************************************************************************************************************************************************
2024-06-27 23:11:49,701 p=6035 u=vagrant n=ansible | TASK [Gathering Facts] **********************************************************************************************************************************************************
2024-06-27 23:11:49,840 p=6035 u=vagrant n=ansible | fatal: [127.0.0.1]: UNREACHABLE! => {"changed": false, "msg": "Failed to connect to the host via ssh: Warning: Permanently added '127.0.0.1' (ED25519) to the list of known hosts.\r\nvagrant@127.0.0.1: Permission denied (publickey).", "unreachable": true}
2024-06-27 23:11:51,267 p=6035 u=vagrant n=ansible | ok: [localhost]
2024-06-27 23:11:51,294 p=6035 u=vagrant n=ansible | TASK [include_role : 2do_parcial] ***********************************************************************************************************************************************
2024-06-27 23:11:51,343 p=6035 u=vagrant n=ansible | TASK [2do_parcial : debug] ******************************************************************************************************************************************************
2024-06-27 23:11:51,361 p=6035 u=vagrant n=ansible | ok: [localhost] => {
    "msg": "Tareas del 2do Parcial"
}
2024-06-27 23:11:51,377 p=6035 u=vagrant n=ansible | TASK [Crear la estructura de directorios] ***************************************************************************************************************************************
2024-06-27 23:11:51,883 p=6035 u=vagrant n=ansible | ok: [localhost] => (item=alumno)
2024-06-27 23:11:52,204 p=6035 u=vagrant n=ansible | ok: [localhost] => (item=equipo)
2024-06-27 23:11:52,219 p=6035 u=vagrant n=ansible | TASK [Configurar sudoers para el grupo 2PSupervisores] **************************************************************************************************************************
2024-06-27 23:11:52,722 p=6035 u=vagrant n=ansible | ok: [localhost]
2024-06-27 23:11:52,738 p=6035 u=vagrant n=ansible | TASK [Obtener el nombre del equipo actual] **************************************************************************************************************************************
2024-06-27 23:11:53,165 p=6035 u=vagrant n=ansible | changed: [localhost]
2024-06-27 23:11:53,180 p=6035 u=vagrant n=ansible | TASK [Obtener la cantidad de núcleos de la CPU] *********************************************************************************************************************************
2024-06-27 23:11:53,479 p=6035 u=vagrant n=ansible | changed: [localhost]
2024-06-27 23:11:53,492 p=6035 u=vagrant n=ansible | TASK [Obtener mi IP] ************************************************************************************************************************************************************
2024-06-27 23:11:53,839 p=6035 u=vagrant n=ansible | changed: [localhost]
2024-06-27 23:11:53,854 p=6035 u=vagrant n=ansible | TASK [Obtener el nombre de la distro] *******************************************************************************************************************************************
2024-06-27 23:11:54,192 p=6035 u=vagrant n=ansible | changed: [localhost]
2024-06-27 23:11:54,211 p=6035 u=vagrant n=ansible | TASK [Generar archivo de datos del alumno] **************************************************************************************************************************************
2024-06-27 23:11:55,216 p=6035 u=vagrant n=ansible | ok: [localhost]
2024-06-27 23:11:55,234 p=6035 u=vagrant n=ansible | TASK [Generar archivo de datos del equipo] **************************************************************************************************************************************
2024-06-27 23:11:56,026 p=6035 u=vagrant n=ansible | changed: [localhost]
2024-06-27 23:11:56,055 p=6035 u=vagrant n=ansible | PLAY RECAP **********************************************************************************************************************************************************************
2024-06-27 23:11:56,056 p=6035 u=vagrant n=ansible | 127.0.0.1                  : ok=0    changed=0    unreachable=1    failed=0    skipped=0    rescued=0    ignored=0   
2024-06-27 23:11:56,056 p=6035 u=vagrant n=ansible | localhost                  : ok=10   changed=5    unreachable=0    failed=0    skipped=0    rescued=0    ignored=0   
2024-06-27 23:12:43,782 p=6415 u=vagrant n=ansible | [WARNING]: A duplicate localhost-like entry was found (localhost). First found localhost was 127.0.0.1

2024-06-27 23:12:44,031 p=6415 u=vagrant n=ansible | PLAY [all] **********************************************************************************************************************************************************************
2024-06-27 23:12:44,048 p=6415 u=vagrant n=ansible | TASK [Gathering Facts] **********************************************************************************************************************************************************
2024-06-27 23:12:44,199 p=6415 u=vagrant n=ansible | fatal: [127.0.0.1]: UNREACHABLE! => {"changed": false, "msg": "Failed to connect to the host via ssh: Warning: Permanently added '127.0.0.1' (ED25519) to the list of known hosts.\r\nvagrant@127.0.0.1: Permission denied (publickey).", "unreachable": true}
2024-06-27 23:12:45,678 p=6415 u=vagrant n=ansible | ok: [localhost]
2024-06-27 23:12:45,703 p=6415 u=vagrant n=ansible | TASK [include_role : 2do_parcial] ***********************************************************************************************************************************************
2024-06-27 23:12:45,750 p=6415 u=vagrant n=ansible | TASK [2do_parcial : debug] ******************************************************************************************************************************************************
2024-06-27 23:12:45,768 p=6415 u=vagrant n=ansible | ok: [localhost] => {
    "msg": "Tareas del 2do Parcial"
}
2024-06-27 23:12:45,782 p=6415 u=vagrant n=ansible | TASK [Crear la estructura de directorios] ***************************************************************************************************************************************
2024-06-27 23:12:46,336 p=6415 u=vagrant n=ansible | ok: [localhost] => (item=alumno)
2024-06-27 23:12:46,654 p=6415 u=vagrant n=ansible | ok: [localhost] => (item=equipo)
2024-06-27 23:12:46,666 p=6415 u=vagrant n=ansible | TASK [Configurar sudoers para el grupo 2PSupervisores] **************************************************************************************************************************
2024-06-27 23:12:47,109 p=6415 u=vagrant n=ansible | ok: [localhost]
2024-06-27 23:12:47,126 p=6415 u=vagrant n=ansible | TASK [Obtener el nombre del equipo actual] **************************************************************************************************************************************
2024-06-27 23:12:47,575 p=6415 u=vagrant n=ansible | changed: [localhost]
2024-06-27 23:12:47,592 p=6415 u=vagrant n=ansible | TASK [Obtener la cantidad de núcleos de la CPU] *********************************************************************************************************************************
2024-06-27 23:12:47,923 p=6415 u=vagrant n=ansible | changed: [localhost]
2024-06-27 23:12:47,940 p=6415 u=vagrant n=ansible | TASK [Obtener mi IP] ************************************************************************************************************************************************************
2024-06-27 23:12:48,255 p=6415 u=vagrant n=ansible | changed: [localhost]
2024-06-27 23:12:48,268 p=6415 u=vagrant n=ansible | TASK [Obtener el nombre de la distro] *******************************************************************************************************************************************
2024-06-27 23:12:48,558 p=6415 u=vagrant n=ansible | changed: [localhost]
2024-06-27 23:12:48,573 p=6415 u=vagrant n=ansible | TASK [Generar archivo de datos del alumno] **************************************************************************************************************************************
2024-06-27 23:12:49,618 p=6415 u=vagrant n=ansible | ok: [localhost]
2024-06-27 23:12:49,635 p=6415 u=vagrant n=ansible | TASK [Generar archivo de datos del equipo] **************************************************************************************************************************************
2024-06-27 23:12:50,386 p=6415 u=vagrant n=ansible | changed: [localhost]
2024-06-27 23:12:50,412 p=6415 u=vagrant n=ansible | PLAY RECAP **********************************************************************************************************************************************************************
2024-06-27 23:12:50,412 p=6415 u=vagrant n=ansible | 127.0.0.1                  : ok=0    changed=0    unreachable=1    failed=0    skipped=0    rescued=0    ignored=0   
2024-06-27 23:12:50,413 p=6415 u=vagrant n=ansible | localhost                  : ok=10   changed=5    unreachable=0    failed=0    skipped=0    rescued=0    ignored=0   
2024-06-27 23:15:12,604 p=6791 u=vagrant n=ansible | [WARNING]: A duplicate localhost-like entry was found (localhost). First found localhost was 127.0.0.1

2024-06-27 23:15:12,923 p=6791 u=vagrant n=ansible | PLAY [all] **********************************************************************************************************************************************************************
2024-06-27 23:15:12,947 p=6791 u=vagrant n=ansible | TASK [Gathering Facts] **********************************************************************************************************************************************************
2024-06-27 23:15:13,116 p=6791 u=vagrant n=ansible | fatal: [127.0.0.1]: UNREACHABLE! => {"changed": false, "msg": "Failed to connect to the host via ssh: Warning: Permanently added '127.0.0.1' (ED25519) to the list of known hosts.\r\nvagrant@127.0.0.1: Permission denied (publickey).", "unreachable": true}
2024-06-27 23:15:16,281 p=6791 u=vagrant n=ansible | ok: [localhost]
2024-06-27 23:15:16,315 p=6791 u=vagrant n=ansible | TASK [include_role : 2do_parcial] ***********************************************************************************************************************************************
2024-06-27 23:15:16,379 p=6791 u=vagrant n=ansible | TASK [2do_parcial : debug] ******************************************************************************************************************************************************
2024-06-27 23:15:16,415 p=6791 u=vagrant n=ansible | ok: [localhost] => {
    "msg": "Tareas del 2do Parcial"
}
2024-06-27 23:15:16,444 p=6791 u=vagrant n=ansible | TASK [Crear la estructura de directorios] ***************************************************************************************************************************************
2024-06-27 23:15:17,164 p=6791 u=vagrant n=ansible | ok: [localhost] => (item=alumno)
2024-06-27 23:15:17,518 p=6791 u=vagrant n=ansible | ok: [localhost] => (item=equipo)
2024-06-27 23:15:17,549 p=6791 u=vagrant n=ansible | TASK [Configurar sudoers para el grupo 2PSupervisores] **************************************************************************************************************************
2024-06-27 23:15:18,269 p=6791 u=vagrant n=ansible | ok: [localhost]
2024-06-27 23:15:18,289 p=6791 u=vagrant n=ansible | TASK [Obtener el nombre del equipo actual] **************************************************************************************************************************************
2024-06-27 23:15:18,868 p=6791 u=vagrant n=ansible | changed: [localhost]
2024-06-27 23:15:18,887 p=6791 u=vagrant n=ansible | TASK [Obtener la cantidad de núcleos de la CPU] *********************************************************************************************************************************
2024-06-27 23:15:19,271 p=6791 u=vagrant n=ansible | changed: [localhost]
2024-06-27 23:15:19,290 p=6791 u=vagrant n=ansible | TASK [Obtener mi IP] ************************************************************************************************************************************************************
2024-06-27 23:15:19,735 p=6791 u=vagrant n=ansible | changed: [localhost]
2024-06-27 23:15:19,753 p=6791 u=vagrant n=ansible | TASK [Obtener el nombre de la distro] *******************************************************************************************************************************************
2024-06-27 23:15:20,145 p=6791 u=vagrant n=ansible | changed: [localhost]
2024-06-27 23:15:20,175 p=6791 u=vagrant n=ansible | TASK [Generar archivo de datos del alumno] **************************************************************************************************************************************
2024-06-27 23:15:21,546 p=6791 u=vagrant n=ansible | ok: [localhost]
2024-06-27 23:15:21,571 p=6791 u=vagrant n=ansible | TASK [Generar archivo de datos del equipo] **************************************************************************************************************************************
2024-06-27 23:15:22,587 p=6791 u=vagrant n=ansible | changed: [localhost]
2024-06-27 23:15:22,621 p=6791 u=vagrant n=ansible | PLAY RECAP **********************************************************************************************************************************************************************
2024-06-27 23:15:22,621 p=6791 u=vagrant n=ansible | 127.0.0.1                  : ok=0    changed=0    unreachable=1    failed=0    skipped=0    rescued=0    ignored=0   
2024-06-27 23:15:22,623 p=6791 u=vagrant n=ansible | localhost                  : ok=10   changed=5    unreachable=0    failed=0    skipped=0    rescued=0    ignored=0   
2024-06-27 23:22:24,896 p=7197 u=vagrant n=ansible | [WARNING]: A duplicate localhost-like entry was found (localhost). First found localhost was 127.0.0.1

2024-06-27 23:22:25,135 p=7197 u=vagrant n=ansible | PLAY [all] **********************************************************************************************************************************************************************
2024-06-27 23:22:25,153 p=7197 u=vagrant n=ansible | TASK [Gathering Facts] **********************************************************************************************************************************************************
2024-06-27 23:22:25,299 p=7197 u=vagrant n=ansible | fatal: [127.0.0.1]: UNREACHABLE! => {"changed": false, "msg": "Failed to connect to the host via ssh: Warning: Permanently added '127.0.0.1' (ED25519) to the list of known hosts.\r\nvagrant@127.0.0.1: Permission denied (publickey).", "unreachable": true}
2024-06-27 23:22:26,691 p=7197 u=vagrant n=ansible | ok: [localhost]
2024-06-27 23:22:26,714 p=7197 u=vagrant n=ansible | TASK [include_role : 2do_parcial] ***********************************************************************************************************************************************
2024-06-27 23:22:26,763 p=7197 u=vagrant n=ansible | TASK [2do_parcial : debug] ******************************************************************************************************************************************************
2024-06-27 23:22:26,779 p=7197 u=vagrant n=ansible | ok: [localhost] => {
    "msg": "Tareas del 2do Parcial"
}
2024-06-27 23:22:26,794 p=7197 u=vagrant n=ansible | TASK [Crear la estructura de directorios] ***************************************************************************************************************************************
2024-06-27 23:22:27,333 p=7197 u=vagrant n=ansible | ok: [localhost] => (item=alumno)
2024-06-27 23:22:27,642 p=7197 u=vagrant n=ansible | ok: [localhost] => (item=equipo)
2024-06-27 23:22:27,658 p=7197 u=vagrant n=ansible | TASK [Configurar sudoers para el grupo 2PSupervisores] **************************************************************************************************************************
2024-06-27 23:22:28,109 p=7197 u=vagrant n=ansible | ok: [localhost]
2024-06-27 23:22:28,123 p=7197 u=vagrant n=ansible | TASK [Obtener el nombre del equipo actual] **************************************************************************************************************************************
2024-06-27 23:22:28,670 p=7197 u=vagrant n=ansible | changed: [localhost]
2024-06-27 23:22:28,687 p=7197 u=vagrant n=ansible | TASK [Generar archivo de datos del alumno] **************************************************************************************************************************************
2024-06-27 23:22:29,702 p=7197 u=vagrant n=ansible | ok: [localhost]
2024-06-27 23:22:29,716 p=7197 u=vagrant n=ansible | TASK [Obtener el nombre de la distro] *******************************************************************************************************************************************
2024-06-27 23:22:30,033 p=7197 u=vagrant n=ansible | changed: [localhost]
2024-06-27 23:22:30,047 p=7197 u=vagrant n=ansible | TASK [Obtener la cantidad de núcleos de la CPU] *********************************************************************************************************************************
2024-06-27 23:22:30,375 p=7197 u=vagrant n=ansible | fatal: [localhost]: FAILED! => {"msg": "Invalid variable name in 'register' specified: 'cpu_cores.stdout'"}
2024-06-27 23:22:30,378 p=7197 u=vagrant n=ansible | PLAY RECAP **********************************************************************************************************************************************************************
2024-06-27 23:22:30,379 p=7197 u=vagrant n=ansible | 127.0.0.1                  : ok=0    changed=0    unreachable=1    failed=0    skipped=0    rescued=0    ignored=0   
2024-06-27 23:22:30,379 p=7197 u=vagrant n=ansible | localhost                  : ok=7    changed=2    unreachable=0    failed=1    skipped=0    rescued=0    ignored=0   
